<?xml version="1.0" encoding="UTF-8"?>
<testng-results ignored="0" total="0" passed="0" failed="0" skipped="0">
  <reporter-output>
  </reporter-output>
  <suite started-at="2024-06-24T09:43:55 IST" name="Suite" finished-at="2024-06-24T09:43:55 IST" duration-ms="0">
    <groups>
      <group name="Regression">
        <method signature="CreateOrgTest.CreateOrgWithIndustry()[pri:0, instance:com.comcast.crm.orgtest.TestNG.CreateOrgTest@34a3d150]" name="CreateOrgWithIndustry" class="com.comcast.crm.orgtest.TestNG.CreateOrgTest"/>
        <method signature="CreateOrgTest.CreateOrgWithPhoneNumber()[pri:0, instance:com.comcast.crm.orgtest.TestNG.CreateOrgTest@34a3d150]" name="CreateOrgWithPhoneNumber" class="com.comcast.crm.orgtest.TestNG.CreateOrgTest"/>
        <method signature="CreateContactTest.CreateContactWithOrganization()[pri:0, instance:com.comcast.crm.contacttest.TestNG.CreateContactTest@702657cc]" name="CreateContactWithOrganization" class="com.comcast.crm.contacttest.TestNG.CreateContactTest"/>
        <method signature="CreateContactTest.CreateContactWithSupportDate()[pri:0, instance:com.comcast.crm.contacttest.TestNG.CreateContactTest@702657cc]" name="CreateContactWithSupportDate" class="com.comcast.crm.contacttest.TestNG.CreateContactTest"/>
      </group> <!-- Regression -->
      <group name="Smoke">
        <method signature="CreateOrgTest.CreateOrg()[pri:0, instance:com.comcast.crm.orgtest.TestNG.CreateOrgTest@34a3d150]" name="CreateOrg" class="com.comcast.crm.orgtest.TestNG.CreateOrgTest"/>
        <method signature="CreateContactTest.CreateContact()[pri:0, instance:com.comcast.crm.contacttest.TestNG.CreateContactTest@702657cc]" name="CreateContact" class="com.comcast.crm.contacttest.TestNG.CreateContactTest"/>
      </group> <!-- Smoke -->
    </groups>
  </suite> <!-- Suite -->
</testng-results>
