<?xml version="1.0" encoding="UTF-8"?>
<testng-results ignored="7" total="9" passed="2" failed="0" skipped="0">
  <reporter-output>
    <line>
      <![CDATA[CreateContact done]]>
    </line>
    <line>
      <![CDATA[Validation Successfull]]>
    </line>
  </reporter-output>
  <suite started-at="2024-06-14T12:13:59 IST" name="Suite" finished-at="2024-06-14T12:14:48 IST" duration-ms="49762">
    <groups>
      <group name="Smoke">
        <method signature="CreateContactTest.CreateContact()[pri:0, instance:com.comcast.crm.contacttest.TestNG.CreateContactTest@4278a03f]" name="CreateContact" class="com.comcast.crm.contacttest.TestNG.CreateContactTest"/>
        <method signature="CreateOrgTest.CreateOrg()[pri:0, instance:com.comcast.crm.orgtest.TestNG.CreateOrgTest@2ddc8ecb]" name="CreateOrg" class="com.comcast.crm.orgtest.TestNG.CreateOrgTest"/>
      </group> <!-- Smoke -->
    </groups>
    <test started-at="2024-06-14T12:13:59 IST" name="Test" finished-at="2024-06-14T12:14:48 IST" duration-ms="49762">
      <class name="com.comcast.crm.contacttest.TestNG.CreateContactTest">
        <test-method is-config="true" signature="BS()[pri:0, instance:com.comcast.crm.contacttest.TestNG.CreateContactTest@4278a03f]" started-at="2024-06-14T12:13:58 IST" name="BS" finished-at="2024-06-14T12:13:59 IST" duration-ms="439" status="PASS">
          <reporter-output>
          </reporter-output>
        </test-method> <!-- BS -->
        <test-method is-config="true" signature="BC()[pri:0, instance:com.comcast.crm.contacttest.TestNG.CreateContactTest@4278a03f]" started-at="2024-06-14T12:13:59 IST" name="BC" finished-at="2024-06-14T12:14:03 IST" duration-ms="4709" status="PASS">
          <reporter-output>
          </reporter-output>
        </test-method> <!-- BC -->
        <test-method is-config="true" signature="BeforeMethod()[pri:0, instance:com.comcast.crm.contacttest.TestNG.CreateContactTest@4278a03f]" started-at="2024-06-14T12:14:03 IST" name="BeforeMethod" finished-at="2024-06-14T12:14:08 IST" duration-ms="4159" status="PASS">
          <reporter-output>
          </reporter-output>
        </test-method> <!-- BeforeMethod -->
        <test-method signature="CreateContact()[pri:0, instance:com.comcast.crm.contacttest.TestNG.CreateContactTest@4278a03f]" started-at="2024-06-14T12:14:08 IST" name="CreateContact" finished-at="2024-06-14T12:14:19 IST" duration-ms="11689" status="PASS">
          <reporter-output>
            <line>
              <![CDATA[CreateContact done]]>
            </line>
          </reporter-output>
        </test-method> <!-- CreateContact -->
        <test-method is-config="true" signature="AfterMethod()[pri:0, instance:com.comcast.crm.contacttest.TestNG.CreateContactTest@4278a03f]" started-at="2024-06-14T12:14:19 IST" name="AfterMethod" finished-at="2024-06-14T12:14:21 IST" duration-ms="2142" status="PASS">
          <reporter-output>
          </reporter-output>
        </test-method> <!-- AfterMethod -->
        <test-method is-config="true" signature="AC()[pri:0, instance:com.comcast.crm.contacttest.TestNG.CreateContactTest@4278a03f]" started-at="2024-06-14T12:14:21 IST" name="AC" finished-at="2024-06-14T12:14:23 IST" duration-ms="1427" status="PASS">
          <reporter-output>
          </reporter-output>
        </test-method> <!-- AC -->
        <test-method is-config="true" signature="AS()[pri:0, instance:com.comcast.crm.contacttest.TestNG.CreateContactTest@4278a03f]" started-at="2024-06-14T12:14:48 IST" name="AS" finished-at="2024-06-14T12:14:48 IST" duration-ms="14" status="PASS">
          <reporter-output>
          </reporter-output>
        </test-method> <!-- AS -->
      </class> <!-- com.comcast.crm.contacttest.TestNG.CreateContactTest -->
      <class name="com.comcast.crm.orgtest.TestNG.CreateOrgTest">
        <test-method is-config="true" signature="BC()[pri:0, instance:com.comcast.crm.orgtest.TestNG.CreateOrgTest@2ddc8ecb]" started-at="2024-06-14T12:14:23 IST" name="BC" finished-at="2024-06-14T12:14:27 IST" duration-ms="3936" status="PASS">
          <reporter-output>
          </reporter-output>
        </test-method> <!-- BC -->
        <test-method is-config="true" signature="BeforeMethod()[pri:0, instance:com.comcast.crm.orgtest.TestNG.CreateOrgTest@2ddc8ecb]" started-at="2024-06-14T12:14:27 IST" name="BeforeMethod" finished-at="2024-06-14T12:14:31 IST" duration-ms="3924" status="PASS">
          <reporter-output>
          </reporter-output>
        </test-method> <!-- BeforeMethod -->
        <test-method signature="CreateOrg()[pri:0, instance:com.comcast.crm.orgtest.TestNG.CreateOrgTest@2ddc8ecb]" started-at="2024-06-14T12:14:31 IST" name="CreateOrg" finished-at="2024-06-14T12:14:45 IST" duration-ms="14330" status="PASS">
          <reporter-output>
            <line>
              <![CDATA[Validation Successfull]]>
            </line>
          </reporter-output>
        </test-method> <!-- CreateOrg -->
        <test-method is-config="true" signature="AfterMethod()[pri:0, instance:com.comcast.crm.orgtest.TestNG.CreateOrgTest@2ddc8ecb]" started-at="2024-06-14T12:14:45 IST" name="AfterMethod" finished-at="2024-06-14T12:14:47 IST" duration-ms="2115" status="PASS">
          <reporter-output>
          </reporter-output>
        </test-method> <!-- AfterMethod -->
        <test-method is-config="true" signature="AC()[pri:0, instance:com.comcast.crm.orgtest.TestNG.CreateOrgTest@2ddc8ecb]" started-at="2024-06-14T12:14:47 IST" name="AC" finished-at="2024-06-14T12:14:48 IST" duration-ms="1272" status="PASS">
          <reporter-output>
          </reporter-output>
        </test-method> <!-- AC -->
      </class> <!-- com.comcast.crm.orgtest.TestNG.CreateOrgTest -->
    </test> <!-- Test -->
  </suite> <!-- Suite -->
</testng-results>
