<?xml version="1.0" encoding="UTF-8"?>
<!-- Generated by org.testng.reporters.JUnitXMLReporter -->
<testsuite ignored="2" hostname="AKSHAY" failures="0" tests="7" name="Test" time="95.771" errors="0" timestamp="2024-06-14T10:23:34 IST">
  <testcase classname="com.comcast.crm.contacttest.TestNG.CreateContactTest" name="CreateContact" time="8.646"/>
  <testcase classname="com.comcast.crm.contacttest.TestNG.CreateContactTest" name="CreateContactWithOrganization" time="17.498"/>
  <testcase classname="com.comcast.crm.contacttest.TestNG.CreateContactTest" name="CreateContactWithSupportDate" time="9.062"/>
  <testcase classname="com.comcast.crm.orgtest.TestNG.CreateOrgTest" name="CreateOrg" time="6.892"/>
  <testcase classname="com.comcast.crm.orgtest.TestNG.CreateOrgTest" name="CreateOrgWithIndustry" time="7.042"/>
  <testcase classname="com.comcast.crm.orgtest.TestNG.CreateOrgTest" name="CreateOrgWithPhoneNumber" time="6.944"/>
  <testcase classname="com.comcast.crm.orgtest.TestNG.CreateOrgTest" name="DeleteOrg" time="9.282"/>
  <testcase classname="com.comcast.crm.basetest.BaseClass" name="@AfterSuite AS" time="0.0">
    <ignored/>
  </testcase> <!-- @AfterSuite AS -->
  <testcase classname="com.comcast.crm.basetest.BaseClass" name="@BeforeSuite BS" time="0.0">
    <ignored/>
  </testcase> <!-- @BeforeSuite BS -->
</testsuite> <!-- Test -->
